-------------------------------------------------------------------------------
Test set: org.eclipse.ice.viz.service.geometry.shapes.test.GeometryTester
-------------------------------------------------------------------------------
Tests run: 5, Failures: 0, Errors: 0, Skipped: 0, Time elapsed: 0.086 sec - in org.eclipse.ice.viz.service.geometry.shapes.test.GeometryTester
checkLoadingFromXML(org.eclipse.ice.viz.service.geometry.shapes.test.GeometryTester)  Time elapsed: 0.033 sec
checkClone(org.eclipse.ice.viz.service.geometry.shapes.test.GeometryTester)  Time elapsed: 0 sec
checkEquals(org.eclipse.ice.viz.service.geometry.shapes.test.GeometryTester)  Time elapsed: 0 sec
checkListenerNotification(org.eclipse.ice.viz.service.geometry.shapes.test.GeometryTester)  Time elapsed: 0.05 sec
checkShapes(org.eclipse.ice.viz.service.geometry.shapes.test.GeometryTester)  Time elapsed: 0 sec
