-------------------------------------------------------------------------------
Test set: org.eclipse.ice.viz.service.geometry.shapes.test.ComplexShapeTester
-------------------------------------------------------------------------------
Tests run: 10, Failures: 0, Errors: 0, Skipped: 0, Time elapsed: 0.444 sec - in org.eclipse.ice.viz.service.geometry.shapes.test.ComplexShapeTester
checkLoadingFromXML(org.eclipse.ice.viz.service.geometry.shapes.test.ComplexShapeTester)  Time elapsed: 0.19 sec
checkEquality(org.eclipse.ice.viz.service.geometry.shapes.test.ComplexShapeTester)  Time elapsed: 0 sec
checkVisitation(org.eclipse.ice.viz.service.geometry.shapes.test.ComplexShapeTester)  Time elapsed: 0.001 sec
checkCreation(org.eclipse.ice.viz.service.geometry.shapes.test.ComplexShapeTester)  Time elapsed: 0 sec
checkUpdate(org.eclipse.ice.viz.service.geometry.shapes.test.ComplexShapeTester)  Time elapsed: 0 sec
checkCopying(org.eclipse.ice.viz.service.geometry.shapes.test.ComplexShapeTester)  Time elapsed: 0 sec
checkAddPrimitiveShape(org.eclipse.ice.viz.service.geometry.shapes.test.ComplexShapeTester)  Time elapsed: 0 sec
checkAddComplexShape(org.eclipse.ice.viz.service.geometry.shapes.test.ComplexShapeTester)  Time elapsed: 0 sec
checkOperatorType(org.eclipse.ice.viz.service.geometry.shapes.test.ComplexShapeTester)  Time elapsed: 0 sec
checkNotifications(org.eclipse.ice.viz.service.geometry.shapes.test.ComplexShapeTester)  Time elapsed: 0.25 sec
