-------------------------------------------------------------------------------
Test set: org.eclipse.ice.viz.service.geometry.shapes.test.PrimitiveShapeTester
-------------------------------------------------------------------------------
Tests run: 8, Failures: 0, Errors: 0, Skipped: 0, Time elapsed: 0.277 sec - in org.eclipse.ice.viz.service.geometry.shapes.test.PrimitiveShapeTester
checkLoadingFromXML(org.eclipse.ice.viz.service.geometry.shapes.test.PrimitiveShapeTester)  Time elapsed: 0.023 sec
checkEquality(org.eclipse.ice.viz.service.geometry.shapes.test.PrimitiveShapeTester)  Time elapsed: 0 sec
checkVisitation(org.eclipse.ice.viz.service.geometry.shapes.test.PrimitiveShapeTester)  Time elapsed: 0 sec
checkCreation(org.eclipse.ice.viz.service.geometry.shapes.test.PrimitiveShapeTester)  Time elapsed: 0 sec
checkShapeType(org.eclipse.ice.viz.service.geometry.shapes.test.PrimitiveShapeTester)  Time elapsed: 0 sec
checkUpdate(org.eclipse.ice.viz.service.geometry.shapes.test.PrimitiveShapeTester)  Time elapsed: 0 sec
checkCopying(org.eclipse.ice.viz.service.geometry.shapes.test.PrimitiveShapeTester)  Time elapsed: 0 sec
checkNotifications(org.eclipse.ice.viz.service.geometry.shapes.test.PrimitiveShapeTester)  Time elapsed: 0.25 sec
