-------------------------------------------------------------------------------
Test set: org.eclipse.ice.reactor.test.MaterialTester
-------------------------------------------------------------------------------
Tests run: 5, Failures: 0, Errors: 0, Skipped: 0, Time elapsed: 0.02 sec - in org.eclipse.ice.reactor.test.MaterialTester
checkHDF5Readables(org.eclipse.ice.reactor.test.MaterialTester)  Time elapsed: 0.01 sec
checkMaterialType(org.eclipse.ice.reactor.test.MaterialTester)  Time elapsed: 0 sec
checkConstruction(org.eclipse.ice.reactor.test.MaterialTester)  Time elapsed: 0 sec
checkHDF5Writeables(org.eclipse.ice.reactor.test.MaterialTester)  Time elapsed: 0.009 sec
checkTyping(org.eclipse.ice.reactor.test.MaterialTester)  Time elapsed: 0 sec
