-------------------------------------------------------------------------------
Test set: org.eclipse.ice.reactor.test.TubeTester
-------------------------------------------------------------------------------
Tests run: 7, Failures: 0, Errors: 0, Skipped: 0, Time elapsed: 0.088 sec - in org.eclipse.ice.reactor.test.TubeTester
checkHDF5Readables(org.eclipse.ice.reactor.test.TubeTester)  Time elapsed: 0.067 sec
checkEquality(org.eclipse.ice.reactor.test.TubeTester)  Time elapsed: 0 sec
checkConstruction(org.eclipse.ice.reactor.test.TubeTester)  Time elapsed: 0 sec
checkHDF5Writeables(org.eclipse.ice.reactor.test.TubeTester)  Time elapsed: 0.018 sec
checkTyping(org.eclipse.ice.reactor.test.TubeTester)  Time elapsed: 0 sec
checkCopying(org.eclipse.ice.reactor.test.TubeTester)  Time elapsed: 0 sec
checkTubeType(org.eclipse.ice.reactor.test.TubeTester)  Time elapsed: 0 sec
