-------------------------------------------------------------------------------
Test set: org.eclipse.ice.reactor.test.FeatureSetTester
-------------------------------------------------------------------------------
Tests run: 4, Failures: 0, Errors: 0, Skipped: 0, Time elapsed: 0.003 sec - in org.eclipse.ice.reactor.test.FeatureSetTester
checkEquality(org.eclipse.ice.reactor.test.FeatureSetTester)  Time elapsed: 0.002 sec
checkConstruction(org.eclipse.ice.reactor.test.FeatureSetTester)  Time elapsed: 0 sec
checkData(org.eclipse.ice.reactor.test.FeatureSetTester)  Time elapsed: 0 sec
checkCopying(org.eclipse.ice.reactor.test.FeatureSetTester)  Time elapsed: 0 sec
