-------------------------------------------------------------------------------
Test set: org.eclipse.ice.reactor.test.LWRGridManagerTester
-------------------------------------------------------------------------------
Tests run: 7, Failures: 0, Errors: 0, Skipped: 0, Time elapsed: 0.053 sec - in org.eclipse.ice.reactor.test.LWRGridManagerTester
checkHDF5Readables(org.eclipse.ice.reactor.test.LWRGridManagerTester)  Time elapsed: 0.026 sec
checkEquality(org.eclipse.ice.reactor.test.LWRGridManagerTester)  Time elapsed: 0 sec
checkConstruction(org.eclipse.ice.reactor.test.LWRGridManagerTester)  Time elapsed: 0 sec
checkComponent(org.eclipse.ice.reactor.test.LWRGridManagerTester)  Time elapsed: 0 sec
checkHDF5Writeables(org.eclipse.ice.reactor.test.LWRGridManagerTester)  Time elapsed: 0.024 sec
checkCopying(org.eclipse.ice.reactor.test.LWRGridManagerTester)  Time elapsed: 0.001 sec
checkDataProvider(org.eclipse.ice.reactor.test.LWRGridManagerTester)  Time elapsed: 0 sec
