-------------------------------------------------------------------------------
Test set: org.eclipse.ice.reactor.test.pwr.PressurizedWaterReactorXMLAdapterTester
-------------------------------------------------------------------------------
Tests run: 1, Failures: 0, Errors: 0, Skipped: 0, Time elapsed: 0.001 sec - in org.eclipse.ice.reactor.test.pwr.PressurizedWaterReactorXMLAdapterTester
checkPWRAdapter(org.eclipse.ice.reactor.test.pwr.PressurizedWaterReactorXMLAdapterTester)  Time elapsed: 0 sec
