-------------------------------------------------------------------------------
Test set: org.eclipse.ice.reactor.test.LWRCompositeTester
-------------------------------------------------------------------------------
Tests run: 6, Failures: 0, Errors: 0, Skipped: 0, Time elapsed: 0.077 sec - in org.eclipse.ice.reactor.test.LWRCompositeTester
checkHDF5Readables(org.eclipse.ice.reactor.test.LWRCompositeTester)  Time elapsed: 0.054 sec
checkEquality(org.eclipse.ice.reactor.test.LWRCompositeTester)  Time elapsed: 0 sec
checkConstruction(org.eclipse.ice.reactor.test.LWRCompositeTester)  Time elapsed: 0 sec
checkComponent(org.eclipse.ice.reactor.test.LWRCompositeTester)  Time elapsed: 0 sec
checkHDF5Writeables(org.eclipse.ice.reactor.test.LWRCompositeTester)  Time elapsed: 0.019 sec
checkCopying(org.eclipse.ice.reactor.test.LWRCompositeTester)  Time elapsed: 0 sec
