-------------------------------------------------------------------------------
Test set: org.eclipse.ice.reactor.test.LWRRodTester
-------------------------------------------------------------------------------
Tests run: 9, Failures: 0, Errors: 0, Skipped: 0, Time elapsed: 0.019 sec - in org.eclipse.ice.reactor.test.LWRRodTester
checkHDF5Readables(org.eclipse.ice.reactor.test.LWRRodTester)  Time elapsed: 0.008 sec
checkEquality(org.eclipse.ice.reactor.test.LWRRodTester)  Time elapsed: 0 sec
checkFillGas(org.eclipse.ice.reactor.test.LWRRodTester)  Time elapsed: 0 sec
checkMaterialBlock(org.eclipse.ice.reactor.test.LWRRodTester)  Time elapsed: 0 sec
checkConstruction(org.eclipse.ice.reactor.test.LWRRodTester)  Time elapsed: 0 sec
checkClad(org.eclipse.ice.reactor.test.LWRRodTester)  Time elapsed: 0 sec
checkHDF5Writeables(org.eclipse.ice.reactor.test.LWRRodTester)  Time elapsed: 0.008 sec
checkCopying(org.eclipse.ice.reactor.test.LWRRodTester)  Time elapsed: 0 sec
checkPressure(org.eclipse.ice.reactor.test.LWRRodTester)  Time elapsed: 0 sec
