-------------------------------------------------------------------------------
Test set: org.eclipse.ice.reactor.test.GridLabelProviderTester
-------------------------------------------------------------------------------
Tests run: 7, Failures: 0, Errors: 0, Skipped: 0, Time elapsed: 0.087 sec - in org.eclipse.ice.reactor.test.GridLabelProviderTester
checkHDF5Readables(org.eclipse.ice.reactor.test.GridLabelProviderTester)  Time elapsed: 0.067 sec
checkEquality(org.eclipse.ice.reactor.test.GridLabelProviderTester)  Time elapsed: 0 sec
checkConstruction(org.eclipse.ice.reactor.test.GridLabelProviderTester)  Time elapsed: 0 sec
checkRows(org.eclipse.ice.reactor.test.GridLabelProviderTester)  Time elapsed: 0 sec
checkHDF5Writeables(org.eclipse.ice.reactor.test.GridLabelProviderTester)  Time elapsed: 0.016 sec
checkColumns(org.eclipse.ice.reactor.test.GridLabelProviderTester)  Time elapsed: 0 sec
checkCopying(org.eclipse.ice.reactor.test.GridLabelProviderTester)  Time elapsed: 0 sec
