-------------------------------------------------------------------------------
Test set: org.eclipse.ice.reactor.test.pwr.IncoreInstrumentTester
-------------------------------------------------------------------------------
Tests run: 6, Failures: 0, Errors: 0, Skipped: 0, Time elapsed: 0.021 sec - in org.eclipse.ice.reactor.test.pwr.IncoreInstrumentTester
checkHDF5Readables(org.eclipse.ice.reactor.test.pwr.IncoreInstrumentTester)  Time elapsed: 0.01 sec
checkThimble(org.eclipse.ice.reactor.test.pwr.IncoreInstrumentTester)  Time elapsed: 0 sec
checkEquality(org.eclipse.ice.reactor.test.pwr.IncoreInstrumentTester)  Time elapsed: 0 sec
checkConstruction(org.eclipse.ice.reactor.test.pwr.IncoreInstrumentTester)  Time elapsed: 0 sec
checkHDF5Writeables(org.eclipse.ice.reactor.test.pwr.IncoreInstrumentTester)  Time elapsed: 0.008 sec
checkCopying(org.eclipse.ice.reactor.test.pwr.IncoreInstrumentTester)  Time elapsed: 0 sec
