-------------------------------------------------------------------------------
Test set: org.eclipse.ice.reactor.test.RingTester
-------------------------------------------------------------------------------
Tests run: 10, Failures: 0, Errors: 0, Skipped: 0, Time elapsed: 0.037 sec - in org.eclipse.ice.reactor.test.RingTester
checkInnerRadius(org.eclipse.ice.reactor.test.RingTester)  Time elapsed: 0.001 sec
checkHDF5Readables(org.eclipse.ice.reactor.test.RingTester)  Time elapsed: 0.017 sec
checkMaterial(org.eclipse.ice.reactor.test.RingTester)  Time elapsed: 0 sec
checkEquality(org.eclipse.ice.reactor.test.RingTester)  Time elapsed: 0 sec
checkConstruction(org.eclipse.ice.reactor.test.RingTester)  Time elapsed: 0 sec
checkCompareTo(org.eclipse.ice.reactor.test.RingTester)  Time elapsed: 0 sec
checkHeight(org.eclipse.ice.reactor.test.RingTester)  Time elapsed: 0 sec
checkHDF5Writeables(org.eclipse.ice.reactor.test.RingTester)  Time elapsed: 0.015 sec
checkOuterRadius(org.eclipse.ice.reactor.test.RingTester)  Time elapsed: 0 sec
checkCopying(org.eclipse.ice.reactor.test.RingTester)  Time elapsed: 0 sec
