-------------------------------------------------------------------------------
Test set: org.eclipse.ice.reactor.test.LWRComponentTester
-------------------------------------------------------------------------------
Tests run: 8, Failures: 0, Errors: 0, Skipped: 0, Time elapsed: 0.376 sec - in org.eclipse.ice.reactor.test.LWRComponentTester
checkHDF5Readables(org.eclipse.ice.reactor.test.LWRComponentTester)  Time elapsed: 0.032 sec
checkEquality(org.eclipse.ice.reactor.test.LWRComponentTester)  Time elapsed: 0 sec
checkConstruction(org.eclipse.ice.reactor.test.LWRComponentTester)  Time elapsed: 0 sec
checkIDataProvider(org.eclipse.ice.reactor.test.LWRComponentTester)  Time elapsed: 0.001 sec
checkHDF5Writeables(org.eclipse.ice.reactor.test.LWRComponentTester)  Time elapsed: 0.03 sec
checkCopying(org.eclipse.ice.reactor.test.LWRComponentTester)  Time elapsed: 0 sec
checkAttributes(org.eclipse.ice.reactor.test.LWRComponentTester)  Time elapsed: 0 sec
checkNotifications(org.eclipse.ice.reactor.test.LWRComponentTester)  Time elapsed: 0.309 sec
