-------------------------------------------------------------------------------
Test set: org.eclipse.ice.reactor.test.LWRDataTester
-------------------------------------------------------------------------------
Tests run: 8, Failures: 0, Errors: 0, Skipped: 0, Time elapsed: 0.003 sec - in org.eclipse.ice.reactor.test.LWRDataTester
checkEquality(org.eclipse.ice.reactor.test.LWRDataTester)  Time elapsed: 0.001 sec
checkPosition(org.eclipse.ice.reactor.test.LWRDataTester)  Time elapsed: 0 sec
checkFeature(org.eclipse.ice.reactor.test.LWRDataTester)  Time elapsed: 0 sec
checkUnits(org.eclipse.ice.reactor.test.LWRDataTester)  Time elapsed: 0 sec
checkValue(org.eclipse.ice.reactor.test.LWRDataTester)  Time elapsed: 0 sec
checkConstruction(org.eclipse.ice.reactor.test.LWRDataTester)  Time elapsed: 0 sec
checkCopying(org.eclipse.ice.reactor.test.LWRDataTester)  Time elapsed: 0 sec
checkUncertainty(org.eclipse.ice.reactor.test.LWRDataTester)  Time elapsed: 0 sec
