-------------------------------------------------------------------------------
Test set: org.eclipse.ice.client.widgets.reactoreditor.sfr.properties.test.PropertySourceFactoryTester
-------------------------------------------------------------------------------
Tests run: 10, Failures: 0, Errors: 0, Skipped: 0, Time elapsed: 0.1 sec - in org.eclipse.ice.client.widgets.reactoreditor.sfr.properties.test.PropertySourceFactoryTester
checkReflectorAssembly(org.eclipse.ice.client.widgets.reactoreditor.sfr.properties.test.PropertySourceFactoryTester)  Time elapsed: 0.064 sec
checkMaterials(org.eclipse.ice.client.widgets.reactoreditor.sfr.properties.test.PropertySourceFactoryTester)  Time elapsed: 0 sec
checkPinAssembly(org.eclipse.ice.client.widgets.reactoreditor.sfr.properties.test.PropertySourceFactoryTester)  Time elapsed: 0.001 sec
checkSFRAssembly(org.eclipse.ice.client.widgets.reactoreditor.sfr.properties.test.PropertySourceFactoryTester)  Time elapsed: 0 sec
checkMaterialBlock(org.eclipse.ice.client.widgets.reactoreditor.sfr.properties.test.PropertySourceFactoryTester)  Time elapsed: 0 sec
checkSFRComponent(org.eclipse.ice.client.widgets.reactoreditor.sfr.properties.test.PropertySourceFactoryTester)  Time elapsed: 0 sec
checkSFReactor(org.eclipse.ice.client.widgets.reactoreditor.sfr.properties.test.PropertySourceFactoryTester)  Time elapsed: 0 sec
checkRing(org.eclipse.ice.client.widgets.reactoreditor.sfr.properties.test.PropertySourceFactoryTester)  Time elapsed: 0.001 sec
checkSFRPin(org.eclipse.ice.client.widgets.reactoreditor.sfr.properties.test.PropertySourceFactoryTester)  Time elapsed: 0 sec
checkSFRRod(org.eclipse.ice.client.widgets.reactoreditor.sfr.properties.test.PropertySourceFactoryTester)  Time elapsed: 0 sec
