-------------------------------------------------------------------------------
Test set: org.eclipse.ice.client.widgets.reactoreditor.test.AnalysisToolCompositeTester
-------------------------------------------------------------------------------
Tests run: 1, Failures: 0, Errors: 0, Skipped: 0, Time elapsed: 0.091 sec - in org.eclipse.ice.client.widgets.reactoreditor.test.AnalysisToolCompositeTester
testFieldsAndWidgets(org.eclipse.ice.client.widgets.reactoreditor.test.AnalysisToolCompositeTester)  Time elapsed: 0.075 sec
