-------------------------------------------------------------------------------
Test set: org.eclipse.ice.client.widgets.reactoreditor.properties.test.ReactorComponentPropertySourceTester
-------------------------------------------------------------------------------
Tests run: 3, Failures: 0, Errors: 0, Skipped: 0, Time elapsed: 0.034 sec - in org.eclipse.ice.client.widgets.reactoreditor.properties.test.ReactorComponentPropertySourceTester
checkConstruction(org.eclipse.ice.client.widgets.reactoreditor.properties.test.ReactorComponentPropertySourceTester)  Time elapsed: 0.009 sec
checkIPropertySource(org.eclipse.ice.client.widgets.reactoreditor.properties.test.ReactorComponentPropertySourceTester)  Time elapsed: 0 sec
checkAddProperty(org.eclipse.ice.client.widgets.reactoreditor.properties.test.ReactorComponentPropertySourceTester)  Time elapsed: 0 sec
