-------------------------------------------------------------------------------
Test set: org.eclipse.ice.client.widgets.reactoreditor.properties.test.SimplePropertyTester
-------------------------------------------------------------------------------
Tests run: 1, Failures: 0, Errors: 0, Skipped: 0, Time elapsed: 0.001 sec - in org.eclipse.ice.client.widgets.reactoreditor.properties.test.SimplePropertyTester
checkConstruction(org.eclipse.ice.client.widgets.reactoreditor.properties.test.SimplePropertyTester)  Time elapsed: 0 sec
