<?xml version="1.0" encoding="UTF-8"?>
<testsuite xmlns:xsi="http://www.w3.org/2001/XMLSchema-instance" xsi:noNamespaceSchemaLocation="https://maven.apache.org/surefire/maven-surefire-plugin/xsd/surefire-test-report.xsd" name="org.eclipse.ice.tests.dev.annotations.processors.FieldBuilderTest" time="0.004" tests="7" errors="0" skipped="0" failures="0">
  <properties>
[...]
</properties>
  <testcase name="testTypeRaw" classname="org.eclipse.ice.tests.dev.annotations.processors.FieldBuilderTest" time="0"/>
  <testcase name="testTypePrimitive" classname="org.eclipse.ice.tests.dev.annotations.processors.FieldBuilderTest" time="0"/>
  <testcase name="testGuessTypeFromStringNonPrimitive" classname="org.eclipse.ice.tests.dev.annotations.processors.FieldBuilderTest" time="0"/>
  <testcase name="testGuessTypeFromStringNonPrimitiveOutsideOfLang" classname="org.eclipse.ice.tests.dev.annotations.processors.FieldBuilderTest" time="0"/>
  <testcase name="testGuessTypeFromStringPrimitive" classname="org.eclipse.ice.tests.dev.annotations.processors.FieldBuilderTest" time="0"/>
  <testcase name="testTypeRawFake" classname="org.eclipse.ice.tests.dev.annotations.processors.FieldBuilderTest" time="0"/>
  <testcase name="testTypeNonPrimitive" classname="org.eclipse.ice.tests.dev.annotations.processors.FieldBuilderTest" time="0"/>
</testsuite>