-------------------------------------------------------------------------------
Test set: org.eclipse.ice.sassena.tests.SassenaIncoherentModelBuilderTester
-------------------------------------------------------------------------------
Tests run: 3, Failures: 0, Errors: 0, Skipped: 0, Time elapsed: 0.002 sec - in org.eclipse.ice.sassena.tests.SassenaIncoherentModelBuilderTester
checkBuild(org.eclipse.ice.sassena.tests.SassenaIncoherentModelBuilderTester)  Time elapsed: 0.001 sec
checkGetItemName(org.eclipse.ice.sassena.tests.SassenaIncoherentModelBuilderTester)  Time elapsed: 0 sec
checkGetItemType(org.eclipse.ice.sassena.tests.SassenaIncoherentModelBuilderTester)  Time elapsed: 0 sec
