-------------------------------------------------------------------------------
Test set: org.eclipse.ice.sassena.tests.SassenaCoherentModelTester
-------------------------------------------------------------------------------
Tests run: 3, Failures: 0, Errors: 0, Skipped: 0, Time elapsed: 1.24 sec - in org.eclipse.ice.sassena.tests.SassenaCoherentModelTester
checkLoadInput(org.eclipse.ice.sassena.tests.SassenaCoherentModelTester)  Time elapsed: 0.818 sec
checkSetupForm(org.eclipse.ice.sassena.tests.SassenaCoherentModelTester)  Time elapsed: 0.027 sec
checkProcess(org.eclipse.ice.sassena.tests.SassenaCoherentModelTester)  Time elapsed: 0.141 sec
