-------------------------------------------------------------------------------
Test set: org.eclipse.ice.reactor.sfr.test.GridManagerTester
-------------------------------------------------------------------------------
Tests run: 4, Failures: 0, Errors: 0, Skipped: 0, Time elapsed: 0.002 sec - in org.eclipse.ice.reactor.sfr.test.GridManagerTester
checkComponentAddRem(org.eclipse.ice.reactor.sfr.test.GridManagerTester)  Time elapsed: 0.001 sec
checkEquality(org.eclipse.ice.reactor.sfr.test.GridManagerTester)  Time elapsed: 0 sec
checkConstruction(org.eclipse.ice.reactor.sfr.test.GridManagerTester)  Time elapsed: 0.001 sec
checkCopying(org.eclipse.ice.reactor.sfr.test.GridManagerTester)  Time elapsed: 0 sec
