-------------------------------------------------------------------------------
Test set: org.eclipse.ice.reactor.sfr.test.SFRRodTester
-------------------------------------------------------------------------------
Tests run: 4, Failures: 0, Errors: 0, Skipped: 0, Time elapsed: 0.001 sec - in org.eclipse.ice.reactor.sfr.test.SFRRodTester
checkEquality(org.eclipse.ice.reactor.sfr.test.SFRRodTester)  Time elapsed: 0 sec
checkConstruction(org.eclipse.ice.reactor.sfr.test.SFRRodTester)  Time elapsed: 0 sec
checkCopying(org.eclipse.ice.reactor.sfr.test.SFRRodTester)  Time elapsed: 0 sec
checkAttributes(org.eclipse.ice.reactor.sfr.test.SFRRodTester)  Time elapsed: 0 sec
