-------------------------------------------------------------------------------
Test set: org.eclipse.ice.reactor.sfr.test.MaterialTester
-------------------------------------------------------------------------------
Tests run: 3, Failures: 0, Errors: 0, Skipped: 0, Time elapsed: 0.002 sec - in org.eclipse.ice.reactor.sfr.test.MaterialTester
checkEquality(org.eclipse.ice.reactor.sfr.test.MaterialTester)  Time elapsed: 0.001 sec
checkConstruction(org.eclipse.ice.reactor.sfr.test.MaterialTester)  Time elapsed: 0 sec
checkCopying(org.eclipse.ice.reactor.sfr.test.MaterialTester)  Time elapsed: 0 sec
