-------------------------------------------------------------------------------
Test set: org.eclipse.ice.reactor.sfr.test.ReflectorAssemblyTester
-------------------------------------------------------------------------------
Tests run: 6, Failures: 0, Errors: 0, Skipped: 0, Time elapsed: 0.003 sec - in org.eclipse.ice.reactor.sfr.test.ReflectorAssemblyTester
checkRodAddRem(org.eclipse.ice.reactor.sfr.test.ReflectorAssemblyTester)  Time elapsed: 0.001 sec
checkEquality(org.eclipse.ice.reactor.sfr.test.ReflectorAssemblyTester)  Time elapsed: 0 sec
checkConstruction(org.eclipse.ice.reactor.sfr.test.ReflectorAssemblyTester)  Time elapsed: 0.001 sec
checkCopying(org.eclipse.ice.reactor.sfr.test.ReflectorAssemblyTester)  Time elapsed: 0 sec
checkCompositeImplementation(org.eclipse.ice.reactor.sfr.test.ReflectorAssemblyTester)  Time elapsed: 0 sec
checkRodPitch(org.eclipse.ice.reactor.sfr.test.ReflectorAssemblyTester)  Time elapsed: 0 sec
