-------------------------------------------------------------------------------
Test set: org.eclipse.ice.reactor.sfr.test.MaterialBlockTester
-------------------------------------------------------------------------------
Tests run: 7, Failures: 0, Errors: 0, Skipped: 0, Time elapsed: 0.005 sec - in org.eclipse.ice.reactor.sfr.test.MaterialBlockTester
checkEquality(org.eclipse.ice.reactor.sfr.test.MaterialBlockTester)  Time elapsed: 0.002 sec
checkVertPosition(org.eclipse.ice.reactor.sfr.test.MaterialBlockTester)  Time elapsed: 0.001 sec
checkConstruction(org.eclipse.ice.reactor.sfr.test.MaterialBlockTester)  Time elapsed: 0 sec
checkComparison(org.eclipse.ice.reactor.sfr.test.MaterialBlockTester)  Time elapsed: 0 sec
checkRing(org.eclipse.ice.reactor.sfr.test.MaterialBlockTester)  Time elapsed: 0 sec
checkCopying(org.eclipse.ice.reactor.sfr.test.MaterialBlockTester)  Time elapsed: 0 sec
checkRingAddRem(org.eclipse.ice.reactor.sfr.test.MaterialBlockTester)  Time elapsed: 0 sec
