-------------------------------------------------------------------------------
Test set: org.eclipse.ice.reactor.sfr.test.FeatureSetTester
-------------------------------------------------------------------------------
Tests run: 4, Failures: 0, Errors: 0, Skipped: 0, Time elapsed: 0.034 sec - in org.eclipse.ice.reactor.sfr.test.FeatureSetTester
checkEquality(org.eclipse.ice.reactor.sfr.test.FeatureSetTester)  Time elapsed: 0.005 sec
checkConstruction(org.eclipse.ice.reactor.sfr.test.FeatureSetTester)  Time elapsed: 0.001 sec
checkData(org.eclipse.ice.reactor.sfr.test.FeatureSetTester)  Time elapsed: 0 sec
checkCopying(org.eclipse.ice.reactor.sfr.test.FeatureSetTester)  Time elapsed: 0 sec
