-------------------------------------------------------------------------------
Test set: org.eclipse.ice.reactor.sfr.test.RingTester
-------------------------------------------------------------------------------
Tests run: 5, Failures: 0, Errors: 0, Skipped: 0, Time elapsed: 0.002 sec - in org.eclipse.ice.reactor.sfr.test.RingTester
checkEquality(org.eclipse.ice.reactor.sfr.test.RingTester)  Time elapsed: 0 sec
checkConstruction(org.eclipse.ice.reactor.sfr.test.RingTester)  Time elapsed: 0 sec
checkCompareTo(org.eclipse.ice.reactor.sfr.test.RingTester)  Time elapsed: 0 sec
checkCopying(org.eclipse.ice.reactor.sfr.test.RingTester)  Time elapsed: 0 sec
checkAttributes(org.eclipse.ice.reactor.sfr.test.RingTester)  Time elapsed: 0 sec
