-------------------------------------------------------------------------------
Test set: org.eclipse.ice.client.widgets.reactoreditor.lwr.properties.test.PropertySourceFactoryTester
-------------------------------------------------------------------------------
Tests run: 10, Failures: 0, Errors: 0, Skipped: 0, Time elapsed: 0.107 sec - in org.eclipse.ice.client.widgets.reactoreditor.lwr.properties.test.PropertySourceFactoryTester
checkIncoreInstrument(org.eclipse.ice.client.widgets.reactoreditor.lwr.properties.test.PropertySourceFactoryTester)  Time elapsed: 0.07 sec
checkLWRComponent(org.eclipse.ice.client.widgets.reactoreditor.lwr.properties.test.PropertySourceFactoryTester)  Time elapsed: 0.001 sec
checkPressurizedWaterReactor(org.eclipse.ice.client.widgets.reactoreditor.lwr.properties.test.PropertySourceFactoryTester)  Time elapsed: 0.004 sec
checkRodClusterAssembly(org.eclipse.ice.client.widgets.reactoreditor.lwr.properties.test.PropertySourceFactoryTester)  Time elapsed: 0.001 sec
checkRing(org.eclipse.ice.client.widgets.reactoreditor.lwr.properties.test.PropertySourceFactoryTester)  Time elapsed: 0 sec
checkTube(org.eclipse.ice.client.widgets.reactoreditor.lwr.properties.test.PropertySourceFactoryTester)  Time elapsed: 0.001 sec
checkLWRRod(org.eclipse.ice.client.widgets.reactoreditor.lwr.properties.test.PropertySourceFactoryTester)  Time elapsed: 0.001 sec
checkBWReactor(org.eclipse.ice.client.widgets.reactoreditor.lwr.properties.test.PropertySourceFactoryTester)  Time elapsed: 0 sec
checkControlBank(org.eclipse.ice.client.widgets.reactoreditor.lwr.properties.test.PropertySourceFactoryTester)  Time elapsed: 0 sec
checkFuelAssembly(org.eclipse.ice.client.widgets.reactoreditor.lwr.properties.test.PropertySourceFactoryTester)  Time elapsed: 0.001 sec
