-------------------------------------------------------------------------------
Test set: org.eclipse.ice.kdd.test.KDDAnalysisDocumentTester
-------------------------------------------------------------------------------
Tests run: 3, Failures: 0, Errors: 0, Skipped: 0, Time elapsed: 0.002 sec - in org.eclipse.ice.kdd.test.KDDAnalysisDocumentTester
checkLoadData(org.eclipse.ice.kdd.test.KDDAnalysisDocumentTester)  Time elapsed: 0.001 sec
checkCreateSelectedAssets(org.eclipse.ice.kdd.test.KDDAnalysisDocumentTester)  Time elapsed: 0 sec
checkGetSetSelectedAssets(org.eclipse.ice.kdd.test.KDDAnalysisDocumentTester)  Time elapsed: 0 sec
