-------------------------------------------------------------------------------
Test set: org.eclipse.ice.kdd.test.KDDMatrixTester
-------------------------------------------------------------------------------
Tests run: 9, Failures: 0, Errors: 0, Skipped: 0, Time elapsed: 0.004 sec - in org.eclipse.ice.kdd.test.KDDMatrixTester
checkTranspose(org.eclipse.ice.kdd.test.KDDMatrixTester)  Time elapsed: 0 sec
checkEquality(org.eclipse.ice.kdd.test.KDDMatrixTester)  Time elapsed: 0 sec
checkAddSubtract(org.eclipse.ice.kdd.test.KDDMatrixTester)  Time elapsed: 0 sec
checkScaleUncertainty(org.eclipse.ice.kdd.test.KDDMatrixTester)  Time elapsed: 0 sec
checkGetSetElements(org.eclipse.ice.kdd.test.KDDMatrixTester)  Time elapsed: 0.001 sec
checkRowColumnNormalize(org.eclipse.ice.kdd.test.KDDMatrixTester)  Time elapsed: 0 sec
checkConstructFromData(org.eclipse.ice.kdd.test.KDDMatrixTester)  Time elapsed: 0 sec
checkAddRemoveColumnsRows(org.eclipse.ice.kdd.test.KDDMatrixTester)  Time elapsed: 0 sec
checkSetData(org.eclipse.ice.kdd.test.KDDMatrixTester)  Time elapsed: 0.001 sec
